ARM GAS  C:\Users\91961\AppData\Local\Temp\cclqzPht.s 			page 1


   1              		.syntax unified
   2              		.cpu cortex-m3
   3              		.fpu softvfp
   4              		.eabi_attribute 20, 1
   5              		.eabi_attribute 21, 1
   6              		.eabi_attribute 23, 3
   7              		.eabi_attribute 24, 1
   8              		.eabi_attribute 25, 1
   9              		.eabi_attribute 26, 1
  10              		.eabi_attribute 30, 1
  11              		.eabi_attribute 34, 1
  12              		.eabi_attribute 18, 4
  13              		.thumb
  14              		.syntax unified
  15              		.file	"main.c"
  16              		.text
  17              	.Ltext0:
  18              		.cfi_sections	.debug_frame
  19              		.section	.text.processReceivedData,"ax",%progbits
  20              		.align	2
  21              		.global	processReceivedData
  22              		.thumb
  23              		.thumb_func
  24              		.type	processReceivedData, %function
  25              	processReceivedData:
  26              	.LFB64:
  27              		.file 1 "main.c"
   1:main.c        **** /* ========================================
   2:main.c        ****  *
   3:main.c        ****  * Copyright YOUR COMPANY, THE YEAR
   4:main.c        ****  * All Rights Reserved
   5:main.c        ****  * UNPUBLISHED, LICENSED SOFTWARE.
   6:main.c        ****  *
   7:main.c        ****  * CONFIDENTIAL AND PROPRIETARY INFORMATION
   8:main.c        ****  * WHICH IS THE PROPERTY OF your company.
   9:main.c        ****  *
  10:main.c        ****  * ========================================
  11:main.c        **** */
  12:main.c        **** 
  13:main.c        **** 
  14:main.c        ****     
  15:main.c        **** #include "project.h"
  16:main.c        **** #include <stdio.h>
  17:main.c        **** #include <string.h>
  18:main.c        **** // Define LED states
  19:main.c        **** #define LED_ON  (1u)
  20:main.c        **** #define LED_OFF (0u)
  21:main.c        **** #define DELAY_TIME_MS 2000 
  22:main.c        **** 
  23:main.c        **** 
  24:main.c        **** 
  25:main.c        **** #define PASSWORD_LENGTH 5
  26:main.c        **** #define USBUART_BUFFER_SIZE (64u)
  27:main.c        **** unsigned char setPassword[PASSWORD_LENGTH + 1] = "1234#"; // Set password
  28:main.c        **** unsigned char Password[PASSWORD_LENGTH + 1] = "*****"; // Set password
  29:main.c        **** 
  30:main.c        **** unsigned char receivedPassword[PASSWORD_LENGTH + 1] = {0}; // Received password
ARM GAS  C:\Users\91961\AppData\Local\Temp\cclqzPht.s 			page 2


  31:main.c        **** 
  32:main.c        **** void processReceivedData()
  33:main.c        **** {
  28              		.loc 1 33 0
  29              		.cfi_startproc
  30              		@ args = 0, pretend = 0, frame = 0
  31              		@ frame_needed = 0, uses_anonymous_args = 0
  32 0000 08B5     		push	{r3, lr}
  33              		.cfi_def_cfa_offset 8
  34              		.cfi_offset 3, -8
  35              		.cfi_offset 14, -4
  34:main.c        ****     // Process received data here
  35:main.c        ****     // For example, check if received password matches the set password
  36:main.c        ****     if (strcmp(receivedPassword, setPassword) == 0)
  36              		.loc 1 36 0
  37 0002 3349     		ldr	r1, .L5
  38 0004 3348     		ldr	r0, .L5+4
  39 0006 FFF7FEFF 		bl	strcmp
  40              	.LVL0:
  41 000a 60BB     		cbnz	r0, .L2
  37:main.c        ****     {
  38:main.c        ****         // Password matches, display it on the LCD
  39:main.c        ****         LCD_ClearDisplay();
  42              		.loc 1 39 0
  43 000c 0120     		movs	r0, #1
  44 000e FFF7FEFF 		bl	LCD_WriteControl
  45              	.LVL1:
  40:main.c        ****         LCD_Position(0, 0);
  46              		.loc 1 40 0
  47 0012 0021     		movs	r1, #0
  48 0014 0846     		mov	r0, r1
  49 0016 FFF7FEFF 		bl	LCD_Position
  50              	.LVL2:
  41:main.c        ****         LCD_PrintString("Password Match:");
  51              		.loc 1 41 0
  52 001a 2F48     		ldr	r0, .L5+8
  53 001c FFF7FEFF 		bl	LCD_PrintString
  54              	.LVL3:
  42:main.c        ****         Pin_1_Write(LED_ON);
  55              		.loc 1 42 0
  56 0020 0120     		movs	r0, #1
  57 0022 FFF7FEFF 		bl	Pin_1_Write
  58              	.LVL4:
  43:main.c        ****         Pin_2_Write(LED_ON);
  59              		.loc 1 43 0
  60 0026 0120     		movs	r0, #1
  61 0028 FFF7FEFF 		bl	Pin_2_Write
  62              	.LVL5:
  44:main.c        ****         LCD_Position(1, 0);
  63              		.loc 1 44 0
  64 002c 0021     		movs	r1, #0
  65 002e 0120     		movs	r0, #1
  66 0030 FFF7FEFF 		bl	LCD_Position
  67              	.LVL6:
  45:main.c        ****         LCD_PrintString(Password);
  68              		.loc 1 45 0
  69 0034 2948     		ldr	r0, .L5+12
ARM GAS  C:\Users\91961\AppData\Local\Temp\cclqzPht.s 			page 3


  70 0036 FFF7FEFF 		bl	LCD_PrintString
  71              	.LVL7:
  46:main.c        ****         
  47:main.c        ****          CyDelay(DELAY_TIME_MS);
  72              		.loc 1 47 0
  73 003a 4FF4FA60 		mov	r0, #2000
  74 003e FFF7FEFF 		bl	CyDelay
  75              	.LVL8:
  48:main.c        ****     
  49:main.c        ****     // Show lock is open
  50:main.c        ****     LCD_ClearDisplay();
  76              		.loc 1 50 0
  77 0042 0120     		movs	r0, #1
  78 0044 FFF7FEFF 		bl	LCD_WriteControl
  79              	.LVL9:
  51:main.c        ****     LCD_Position(0, 0);
  80              		.loc 1 51 0
  81 0048 0021     		movs	r1, #0
  82 004a 0846     		mov	r0, r1
  83 004c FFF7FEFF 		bl	LCD_Position
  84              	.LVL10:
  52:main.c        ****     LCD_PrintString("Lock is open     ");
  85              		.loc 1 52 0
  86 0050 2348     		ldr	r0, .L5+16
  87 0052 FFF7FEFF 		bl	LCD_PrintString
  88              	.LVL11:
  53:main.c        ****     LCD_Position(1, 0);
  89              		.loc 1 53 0
  90 0056 0021     		movs	r1, #0
  91 0058 0120     		movs	r0, #1
  92 005a FFF7FEFF 		bl	LCD_Position
  93              	.LVL12:
  54:main.c        ****     LCD_PrintString("Access granted");
  94              		.loc 1 54 0
  95 005e 2148     		ldr	r0, .L5+20
  96 0060 FFF7FEFF 		bl	LCD_PrintString
  97              	.LVL13:
  98 0064 08BD     		pop	{r3, pc}
  99              	.L2:
  55:main.c        ****     }
  56:main.c        ****     else
  57:main.c        ****     {
  58:main.c        ****         // Password does not match, display an error message on the LCD
  59:main.c        ****         LCD_ClearDisplay();
 100              		.loc 1 59 0
 101 0066 0120     		movs	r0, #1
 102 0068 FFF7FEFF 		bl	LCD_WriteControl
 103              	.LVL14:
  60:main.c        ****         LCD_Position(0, 0);
 104              		.loc 1 60 0
 105 006c 0021     		movs	r1, #0
 106 006e 0846     		mov	r0, r1
 107 0070 FFF7FEFF 		bl	LCD_Position
 108              	.LVL15:
  61:main.c        ****         LCD_PrintString("Invalid Password");
 109              		.loc 1 61 0
 110 0074 1C48     		ldr	r0, .L5+24
ARM GAS  C:\Users\91961\AppData\Local\Temp\cclqzPht.s 			page 4


 111 0076 FFF7FEFF 		bl	LCD_PrintString
 112              	.LVL16:
  62:main.c        ****          Pin_1_Write(LED_ON);
 113              		.loc 1 62 0
 114 007a 0120     		movs	r0, #1
 115 007c FFF7FEFF 		bl	Pin_1_Write
 116              	.LVL17:
  63:main.c        ****          Pin_2_Write(LED_OFF);
 117              		.loc 1 63 0
 118 0080 0020     		movs	r0, #0
 119 0082 FFF7FEFF 		bl	Pin_2_Write
 120              	.LVL18:
  64:main.c        ****         
  65:main.c        ****         
  66:main.c        ****          CyDelay(DELAY_TIME_MS);
 121              		.loc 1 66 0
 122 0086 4FF4FA60 		mov	r0, #2000
 123 008a FFF7FEFF 		bl	CyDelay
 124              	.LVL19:
  67:main.c        ****     
  68:main.c        ****     // Show lock is open
  69:main.c        ****     LCD_ClearDisplay();
 125              		.loc 1 69 0
 126 008e 0120     		movs	r0, #1
 127 0090 FFF7FEFF 		bl	LCD_WriteControl
 128              	.LVL20:
  70:main.c        ****     LCD_Position(0, 0);
 129              		.loc 1 70 0
 130 0094 0021     		movs	r1, #0
 131 0096 0846     		mov	r0, r1
 132 0098 FFF7FEFF 		bl	LCD_Position
 133              	.LVL21:
  71:main.c        ****     LCD_PrintString("Access denied");
 134              		.loc 1 71 0
 135 009c 1348     		ldr	r0, .L5+28
 136 009e FFF7FEFF 		bl	LCD_PrintString
 137              	.LVL22:
  72:main.c        ****     
  73:main.c        ****     CyDelay(DELAY_TIME_MS);
 138              		.loc 1 73 0
 139 00a2 4FF4FA60 		mov	r0, #2000
 140 00a6 FFF7FEFF 		bl	CyDelay
 141              	.LVL23:
  74:main.c        ****     LCD_ClearDisplay();
 142              		.loc 1 74 0
 143 00aa 0120     		movs	r0, #1
 144 00ac FFF7FEFF 		bl	LCD_WriteControl
 145              	.LVL24:
  75:main.c        ****      LCD_Position(0, 0);
 146              		.loc 1 75 0
 147 00b0 0021     		movs	r1, #0
 148 00b2 0846     		mov	r0, r1
 149 00b4 FFF7FEFF 		bl	LCD_Position
 150              	.LVL25:
  76:main.c        ****      LCD_PrintString("Enter Correct   ");
 151              		.loc 1 76 0
 152 00b8 0D48     		ldr	r0, .L5+32
ARM GAS  C:\Users\91961\AppData\Local\Temp\cclqzPht.s 			page 5


 153 00ba FFF7FEFF 		bl	LCD_PrintString
 154              	.LVL26:
  77:main.c        ****     LCD_Position(1,0);
 155              		.loc 1 77 0
 156 00be 0021     		movs	r1, #0
 157 00c0 0120     		movs	r0, #1
 158 00c2 FFF7FEFF 		bl	LCD_Position
 159              	.LVL27:
  78:main.c        ****     LCD_PrintString("Password                 ");
 160              		.loc 1 78 0
 161 00c6 0B48     		ldr	r0, .L5+36
 162 00c8 FFF7FEFF 		bl	LCD_PrintString
 163              	.LVL28:
 164 00cc 08BD     		pop	{r3, pc}
 165              	.L6:
 166 00ce 00BF     		.align	2
 167              	.L5:
 168 00d0 00000000 		.word	.LANCHOR0
 169 00d4 00000000 		.word	.LANCHOR1
 170 00d8 00000000 		.word	.LC0
 171 00dc 08000000 		.word	.LANCHOR0+8
 172 00e0 10000000 		.word	.LC1
 173 00e4 24000000 		.word	.LC2
 174 00e8 34000000 		.word	.LC3
 175 00ec 48000000 		.word	.LC4
 176 00f0 58000000 		.word	.LC5
 177 00f4 6C000000 		.word	.LC6
 178              		.cfi_endproc
 179              	.LFE64:
 180              		.size	processReceivedData, .-processReceivedData
 181              		.section	.text.main,"ax",%progbits
 182              		.align	2
 183              		.global	main
 184              		.thumb
 185              		.thumb_func
 186              		.type	main, %function
 187              	main:
 188              	.LFB65:
  79:main.c        ****     
  80:main.c        ****     }
  81:main.c        ****  }
  82:main.c        **** 
  83:main.c        **** 
  84:main.c        **** int main(void)
  85:main.c        **** {
 189              		.loc 1 85 0
 190              		.cfi_startproc
 191              		@ args = 0, pretend = 0, frame = 0
 192              		@ frame_needed = 0, uses_anonymous_args = 0
 193 0000 70B5     		push	{r4, r5, r6, lr}
 194              		.cfi_def_cfa_offset 16
 195              		.cfi_offset 4, -16
 196              		.cfi_offset 5, -12
 197              		.cfi_offset 6, -8
 198              		.cfi_offset 14, -4
  86:main.c        ****     CyGlobalIntEnable; /* Enable global interrupts. */
 199              		.loc 1 86 0
ARM GAS  C:\Users\91961\AppData\Local\Temp\cclqzPht.s 			page 6


 200              		.syntax unified
 201              	@ 86 "main.c" 1
 202 0002 62B6     		CPSIE   i
 203              	@ 0 "" 2
  87:main.c        ****     USBUART_Start(0, USBUART_3V_OPERATION); /* Start USBUART operation */
 204              		.loc 1 87 0
 205              		.thumb
 206              		.syntax unified
 207 0004 0021     		movs	r1, #0
 208 0006 0846     		mov	r0, r1
 209 0008 FFF7FEFF 		bl	USBUART_Start
 210              	.LVL29:
  88:main.c        ****     LCD_Start(); // Start LCD
 211              		.loc 1 88 0
 212 000c FFF7FEFF 		bl	LCD_Start
 213              	.LVL30:
 214              	.L8:
  85:main.c        ****     CyGlobalIntEnable; /* Enable global interrupts. */
 215              		.loc 1 85 0
 216 0010 3546     		mov	r5, r6
 217              	.L10:
 218              	.LVL31:
  89:main.c        ****     
  90:main.c        ****     uint16 count ;
  91:main.c        ****     
  92:main.c        ****     uint8 buffer[USBUART_BUFFER_SIZE];
  93:main.c        ****     int i;
  94:main.c        ****     for (;;)
  95:main.c        ****     {
  96:main.c        ****         
  97:main.c        ****        
  98:main.c        ****         
  99:main.c        ****         if(0u != USBUART_IsConfigurationChanged())
 219              		.loc 1 99 0
 220 0012 FFF7FEFF 		bl	USBUART_IsConfigurationChanged
 221              	.LVL32:
 222 0016 20B1     		cbz	r0, .L9
 100:main.c        ****         {
 101:main.c        ****             if(0u != USBUART_GetConfiguration())
 223              		.loc 1 101 0
 224 0018 FFF7FEFF 		bl	USBUART_GetConfiguration
 225              	.LVL33:
 226 001c 08B1     		cbz	r0, .L9
 102:main.c        ****             {
 103:main.c        ****                 USBUART_CDC_Init();
 227              		.loc 1 103 0
 228 001e FFF7FEFF 		bl	USBUART_CDC_Init
 229              	.LVL34:
 230              	.L9:
 104:main.c        ****             }
 105:main.c        ****         }
 106:main.c        ****         
 107:main.c        ****         if(0u != USBUART_GetConfiguration())
 231              		.loc 1 107 0
 232 0022 FFF7FEFF 		bl	USBUART_GetConfiguration
 233              	.LVL35:
 234 0026 0028     		cmp	r0, #0
ARM GAS  C:\Users\91961\AppData\Local\Temp\cclqzPht.s 			page 7


 235 0028 F3D0     		beq	.L10
 108:main.c        ****         {
 109:main.c        ****             if(0u != USBUART_DataIsReady())
 236              		.loc 1 109 0
 237 002a FFF7FEFF 		bl	USBUART_DataIsReady
 238              	.LVL36:
 239 002e 0028     		cmp	r0, #0
 240 0030 EFD0     		beq	.L10
 241              	.LBB2:
 110:main.c        ****             {
 111:main.c        ****                 
 112:main.c        ****                 
 113:main.c        ****                
 114:main.c        ****                 
 115:main.c        ****                 
 116:main.c        ****                 char rcv = USBUART_GetChar();
 242              		.loc 1 116 0
 243 0032 FFF7FEFF 		bl	USBUART_GetChar
 244              	.LVL37:
 245 0036 0446     		mov	r4, r0
 246              	.LVL38:
 117:main.c        ****                 receivedPassword[i++]=rcv;
 247              		.loc 1 117 0
 248 0038 6E1C     		adds	r6, r5, #1
 249              	.LVL39:
 250 003a 0B4B     		ldr	r3, .L17
 251 003c 5855     		strb	r0, [r3, r5]
 118:main.c        ****                  LCD_PutChar(rcv);
 252              		.loc 1 118 0
 253 003e FFF7FEFF 		bl	LCD_PutChar
 254              	.LVL40:
 119:main.c        ****                 
 120:main.c        ****                  if (rcv =='#') // Check if end of password
 255              		.loc 1 120 0
 256 0042 232C     		cmp	r4, #35
 257 0044 05D1     		bne	.L12
 121:main.c        ****             {
 122:main.c        ****                 receivedPassword[i] = '\0'; // Null-terminate the string
 258              		.loc 1 122 0
 259 0046 0025     		movs	r5, #0
 260 0048 074B     		ldr	r3, .L17
 261 004a 9D55     		strb	r5, [r3, r6]
 123:main.c        ****                 processReceivedData(); // Process received data
 262              		.loc 1 123 0
 263 004c FFF7FEFF 		bl	processReceivedData
 264              	.LVL41:
 124:main.c        ****                 i = 0; // Reset index for next password
 265              		.loc 1 124 0
 266 0050 2E46     		mov	r6, r5
 267              	.LVL42:
 268              	.L12:
 125:main.c        ****             }
 126:main.c        ****                 
 127:main.c        ****                // processReceivedData();
 128:main.c        ****                 
 129:main.c        ****                 
 130:main.c        ****                 
ARM GAS  C:\Users\91961\AppData\Local\Temp\cclqzPht.s 			page 8


 131:main.c        ****                 if(0u != rcv)
 269              		.loc 1 131 0
 270 0052 002C     		cmp	r4, #0
 271 0054 DCD0     		beq	.L8
 272              	.L14:
 132:main.c        ****                 {
 133:main.c        ****                     
 134:main.c        ****                    
 135:main.c        ****                     
 136:main.c        ****                     while(0u == USBUART_CDCIsReady())
 273              		.loc 1 136 0 discriminator 1
 274 0056 FFF7FEFF 		bl	USBUART_CDCIsReady
 275              	.LVL43:
 276 005a 0028     		cmp	r0, #0
 277 005c FBD0     		beq	.L14
 137:main.c        ****                     {
 138:main.c        ****                     }
 139:main.c        ****                     
 140:main.c        ****                     USBUART_PutChar(rcv);
 278              		.loc 1 140 0
 279 005e 2046     		mov	r0, r4
 280 0060 FFF7FEFF 		bl	USBUART_PutChar
 281              	.LVL44:
 282 0064 D4E7     		b	.L8
 283              	.L18:
 284 0066 00BF     		.align	2
 285              	.L17:
 286 0068 00000000 		.word	.LANCHOR1
 287              	.LBE2:
 288              		.cfi_endproc
 289              	.LFE65:
 290              		.size	main, .-main
 291              		.global	receivedPassword
 292              		.global	Password
 293              		.global	setPassword
 294              		.data
 295              		.align	2
 296              		.set	.LANCHOR0,. + 0
 297              		.type	setPassword, %object
 298              		.size	setPassword, 6
 299              	setPassword:
 300 0000 31323334 		.ascii	"1234#\000"
 300      2300
 301 0006 0000     		.space	2
 302              		.type	Password, %object
 303              		.size	Password, 6
 304              	Password:
 305 0008 2A2A2A2A 		.ascii	"*****\000"
 305      2A00
 306              		.section	.rodata.str1.4,"aMS",%progbits,1
 307              		.align	2
 308              	.LC0:
 309 0000 50617373 		.ascii	"Password Match:\000"
 309      776F7264 
 309      204D6174 
 309      63683A00 
 310              	.LC1:
ARM GAS  C:\Users\91961\AppData\Local\Temp\cclqzPht.s 			page 9


 311 0010 4C6F636B 		.ascii	"Lock is open     \000"
 311      20697320 
 311      6F70656E 
 311      20202020 
 311      2000
 312 0022 0000     		.space	2
 313              	.LC2:
 314 0024 41636365 		.ascii	"Access granted\000"
 314      73732067 
 314      72616E74 
 314      656400
 315 0033 00       		.space	1
 316              	.LC3:
 317 0034 496E7661 		.ascii	"Invalid Password\000"
 317      6C696420 
 317      50617373 
 317      776F7264 
 317      00
 318 0045 000000   		.space	3
 319              	.LC4:
 320 0048 41636365 		.ascii	"Access denied\000"
 320      73732064 
 320      656E6965 
 320      6400
 321 0056 0000     		.space	2
 322              	.LC5:
 323 0058 456E7465 		.ascii	"Enter Correct   \000"
 323      7220436F 
 323      72726563 
 323      74202020 
 323      00
 324 0069 000000   		.space	3
 325              	.LC6:
 326 006c 50617373 		.ascii	"Password                 \000"
 326      776F7264 
 326      20202020 
 326      20202020 
 326      20202020 
 327              		.bss
 328              		.align	2
 329              		.set	.LANCHOR1,. + 0
 330              		.type	receivedPassword, %object
 331              		.size	receivedPassword, 6
 332              	receivedPassword:
 333 0000 00000000 		.space	6
 333      0000
 334              		.text
 335              	.Letext0:
 336              		.file 2 "c:\\program files (x86)\\cypress\\psoc creator\\4.4\\psoc creator\\import\\gnu\\arm\\5.4.
 337              		.file 3 "c:\\program files (x86)\\cypress\\psoc creator\\4.4\\psoc creator\\import\\gnu\\arm\\5.4.
 338              		.file 4 "Generated_Source\\PSoC5/cytypes.h"
 339              		.file 5 "Generated_Source\\PSoC5/core_cm3.h"
 340              		.file 6 "c:\\program files (x86)\\cypress\\psoc creator\\4.4\\psoc creator\\import\\gnu\\arm\\5.4.
 341              		.file 7 "Generated_Source\\PSoC5/LCD.h"
 342              		.file 8 "Generated_Source\\PSoC5/Pin_1.h"
 343              		.file 9 "Generated_Source\\PSoC5/Pin_2.h"
 344              		.file 10 "Generated_Source\\PSoC5/CyLib.h"
ARM GAS  C:\Users\91961\AppData\Local\Temp\cclqzPht.s 			page 10


 345              		.file 11 "Generated_Source\\PSoC5/USBUART_cdc.h"
 346              		.file 12 "Generated_Source\\PSoC5/USBUART.h"
 347              		.section	.debug_info,"",%progbits
 348              	.Ldebug_info0:
 349 0000 56050000 		.4byte	0x556
 350 0004 0400     		.2byte	0x4
 351 0006 00000000 		.4byte	.Ldebug_abbrev0
 352 000a 04       		.byte	0x4
 353 000b 01       		.uleb128 0x1
 354 000c E7000000 		.4byte	.LASF41
 355 0010 0C       		.byte	0xc
 356 0011 90020000 		.4byte	.LASF42
 357 0015 37000000 		.4byte	.LASF43
 358 0019 00000000 		.4byte	.Ldebug_ranges0+0
 359 001d 00000000 		.4byte	0
 360 0021 00000000 		.4byte	.Ldebug_line0
 361 0025 02       		.uleb128 0x2
 362 0026 01       		.byte	0x1
 363 0027 06       		.byte	0x6
 364 0028 F3020000 		.4byte	.LASF0
 365 002c 02       		.uleb128 0x2
 366 002d 01       		.byte	0x1
 367 002e 08       		.byte	0x8
 368 002f D9000000 		.4byte	.LASF1
 369 0033 02       		.uleb128 0x2
 370 0034 02       		.byte	0x2
 371 0035 05       		.byte	0x5
 372 0036 C7020000 		.4byte	.LASF2
 373 003a 02       		.uleb128 0x2
 374 003b 02       		.byte	0x2
 375 003c 07       		.byte	0x7
 376 003d 87010000 		.4byte	.LASF3
 377 0041 03       		.uleb128 0x3
 378 0042 2D000000 		.4byte	.LASF9
 379 0046 02       		.byte	0x2
 380 0047 3F       		.byte	0x3f
 381 0048 4C000000 		.4byte	0x4c
 382 004c 02       		.uleb128 0x2
 383 004d 04       		.byte	0x4
 384 004e 05       		.byte	0x5
 385 004f DE020000 		.4byte	.LASF4
 386 0053 02       		.uleb128 0x2
 387 0054 04       		.byte	0x4
 388 0055 07       		.byte	0x7
 389 0056 75010000 		.4byte	.LASF5
 390 005a 02       		.uleb128 0x2
 391 005b 08       		.byte	0x8
 392 005c 05       		.byte	0x5
 393 005d 82020000 		.4byte	.LASF6
 394 0061 02       		.uleb128 0x2
 395 0062 08       		.byte	0x8
 396 0063 07       		.byte	0x7
 397 0064 2C020000 		.4byte	.LASF7
 398 0068 04       		.uleb128 0x4
 399 0069 04       		.byte	0x4
 400 006a 05       		.byte	0x5
 401 006b 696E7400 		.ascii	"int\000"
ARM GAS  C:\Users\91961\AppData\Local\Temp\cclqzPht.s 			page 11


 402 006f 02       		.uleb128 0x2
 403 0070 04       		.byte	0x4
 404 0071 07       		.byte	0x7
 405 0072 0E020000 		.4byte	.LASF8
 406 0076 03       		.uleb128 0x3
 407 0077 AE000000 		.4byte	.LASF10
 408 007b 03       		.byte	0x3
 409 007c 2C       		.byte	0x2c
 410 007d 41000000 		.4byte	0x41
 411 0081 05       		.uleb128 0x5
 412 0082 D8020000 		.4byte	.LASF11
 413 0086 04       		.byte	0x4
 414 0087 E801     		.2byte	0x1e8
 415 0089 2C000000 		.4byte	0x2c
 416 008d 05       		.uleb128 0x5
 417 008e E4010000 		.4byte	.LASF12
 418 0092 04       		.byte	0x4
 419 0093 E901     		.2byte	0x1e9
 420 0095 3A000000 		.4byte	0x3a
 421 0099 02       		.uleb128 0x2
 422 009a 04       		.byte	0x4
 423 009b 04       		.byte	0x4
 424 009c C9000000 		.4byte	.LASF13
 425 00a0 02       		.uleb128 0x2
 426 00a1 08       		.byte	0x8
 427 00a2 04       		.byte	0x4
 428 00a3 A7010000 		.4byte	.LASF14
 429 00a7 02       		.uleb128 0x2
 430 00a8 01       		.byte	0x1
 431 00a9 08       		.byte	0x8
 432 00aa 97020000 		.4byte	.LASF15
 433 00ae 02       		.uleb128 0x2
 434 00af 08       		.byte	0x8
 435 00b0 04       		.byte	0x4
 436 00b1 E7020000 		.4byte	.LASF16
 437 00b5 02       		.uleb128 0x2
 438 00b6 04       		.byte	0x4
 439 00b7 07       		.byte	0x7
 440 00b8 79020000 		.4byte	.LASF17
 441 00bc 06       		.uleb128 0x6
 442 00bd 9C020000 		.4byte	.LASF44
 443 00c1 01       		.byte	0x1
 444 00c2 20       		.byte	0x20
 445 00c3 00000000 		.4byte	.LFB64
 446 00c7 F8000000 		.4byte	.LFE64-.LFB64
 447 00cb 01       		.uleb128 0x1
 448 00cc 9C       		.byte	0x9c
 449 00cd 50030000 		.4byte	0x350
 450 00d1 07       		.uleb128 0x7
 451 00d2 0A000000 		.4byte	.LVL0
 452 00d6 9B040000 		.4byte	0x49b
 453 00da F1000000 		.4byte	0xf1
 454 00de 08       		.uleb128 0x8
 455 00df 01       		.uleb128 0x1
 456 00e0 50       		.byte	0x50
 457 00e1 05       		.uleb128 0x5
 458 00e2 03       		.byte	0x3
ARM GAS  C:\Users\91961\AppData\Local\Temp\cclqzPht.s 			page 12


 459 00e3 00000000 		.4byte	.LANCHOR1
 460 00e7 08       		.uleb128 0x8
 461 00e8 01       		.uleb128 0x1
 462 00e9 51       		.byte	0x51
 463 00ea 05       		.uleb128 0x5
 464 00eb 03       		.byte	0x3
 465 00ec 00000000 		.4byte	.LANCHOR0
 466 00f0 00       		.byte	0
 467 00f1 07       		.uleb128 0x7
 468 00f2 12000000 		.4byte	.LVL1
 469 00f6 A6040000 		.4byte	0x4a6
 470 00fa 04010000 		.4byte	0x104
 471 00fe 08       		.uleb128 0x8
 472 00ff 01       		.uleb128 0x1
 473 0100 50       		.byte	0x50
 474 0101 01       		.uleb128 0x1
 475 0102 31       		.byte	0x31
 476 0103 00       		.byte	0
 477 0104 07       		.uleb128 0x7
 478 0105 1A000000 		.4byte	.LVL2
 479 0109 B1040000 		.4byte	0x4b1
 480 010d 1C010000 		.4byte	0x11c
 481 0111 08       		.uleb128 0x8
 482 0112 01       		.uleb128 0x1
 483 0113 50       		.byte	0x50
 484 0114 01       		.uleb128 0x1
 485 0115 30       		.byte	0x30
 486 0116 08       		.uleb128 0x8
 487 0117 01       		.uleb128 0x1
 488 0118 51       		.byte	0x51
 489 0119 01       		.uleb128 0x1
 490 011a 30       		.byte	0x30
 491 011b 00       		.byte	0
 492 011c 07       		.uleb128 0x7
 493 011d 20000000 		.4byte	.LVL3
 494 0121 BC040000 		.4byte	0x4bc
 495 0125 33010000 		.4byte	0x133
 496 0129 08       		.uleb128 0x8
 497 012a 01       		.uleb128 0x1
 498 012b 50       		.byte	0x50
 499 012c 05       		.uleb128 0x5
 500 012d 03       		.byte	0x3
 501 012e 00000000 		.4byte	.LC0
 502 0132 00       		.byte	0
 503 0133 07       		.uleb128 0x7
 504 0134 26000000 		.4byte	.LVL4
 505 0138 C7040000 		.4byte	0x4c7
 506 013c 46010000 		.4byte	0x146
 507 0140 08       		.uleb128 0x8
 508 0141 01       		.uleb128 0x1
 509 0142 50       		.byte	0x50
 510 0143 01       		.uleb128 0x1
 511 0144 31       		.byte	0x31
 512 0145 00       		.byte	0
 513 0146 07       		.uleb128 0x7
 514 0147 2C000000 		.4byte	.LVL5
 515 014b D2040000 		.4byte	0x4d2
ARM GAS  C:\Users\91961\AppData\Local\Temp\cclqzPht.s 			page 13


 516 014f 59010000 		.4byte	0x159
 517 0153 08       		.uleb128 0x8
 518 0154 01       		.uleb128 0x1
 519 0155 50       		.byte	0x50
 520 0156 01       		.uleb128 0x1
 521 0157 31       		.byte	0x31
 522 0158 00       		.byte	0
 523 0159 07       		.uleb128 0x7
 524 015a 34000000 		.4byte	.LVL6
 525 015e B1040000 		.4byte	0x4b1
 526 0162 71010000 		.4byte	0x171
 527 0166 08       		.uleb128 0x8
 528 0167 01       		.uleb128 0x1
 529 0168 50       		.byte	0x50
 530 0169 01       		.uleb128 0x1
 531 016a 31       		.byte	0x31
 532 016b 08       		.uleb128 0x8
 533 016c 01       		.uleb128 0x1
 534 016d 51       		.byte	0x51
 535 016e 01       		.uleb128 0x1
 536 016f 30       		.byte	0x30
 537 0170 00       		.byte	0
 538 0171 07       		.uleb128 0x7
 539 0172 3A000000 		.4byte	.LVL7
 540 0176 BC040000 		.4byte	0x4bc
 541 017a 88010000 		.4byte	0x188
 542 017e 08       		.uleb128 0x8
 543 017f 01       		.uleb128 0x1
 544 0180 50       		.byte	0x50
 545 0181 05       		.uleb128 0x5
 546 0182 03       		.byte	0x3
 547 0183 08000000 		.4byte	.LANCHOR0+8
 548 0187 00       		.byte	0
 549 0188 07       		.uleb128 0x7
 550 0189 42000000 		.4byte	.LVL8
 551 018d DD040000 		.4byte	0x4dd
 552 0191 9D010000 		.4byte	0x19d
 553 0195 08       		.uleb128 0x8
 554 0196 01       		.uleb128 0x1
 555 0197 50       		.byte	0x50
 556 0198 03       		.uleb128 0x3
 557 0199 0A       		.byte	0xa
 558 019a D007     		.2byte	0x7d0
 559 019c 00       		.byte	0
 560 019d 07       		.uleb128 0x7
 561 019e 48000000 		.4byte	.LVL9
 562 01a2 A6040000 		.4byte	0x4a6
 563 01a6 B0010000 		.4byte	0x1b0
 564 01aa 08       		.uleb128 0x8
 565 01ab 01       		.uleb128 0x1
 566 01ac 50       		.byte	0x50
 567 01ad 01       		.uleb128 0x1
 568 01ae 31       		.byte	0x31
 569 01af 00       		.byte	0
 570 01b0 07       		.uleb128 0x7
 571 01b1 50000000 		.4byte	.LVL10
 572 01b5 B1040000 		.4byte	0x4b1
ARM GAS  C:\Users\91961\AppData\Local\Temp\cclqzPht.s 			page 14


 573 01b9 C8010000 		.4byte	0x1c8
 574 01bd 08       		.uleb128 0x8
 575 01be 01       		.uleb128 0x1
 576 01bf 50       		.byte	0x50
 577 01c0 01       		.uleb128 0x1
 578 01c1 30       		.byte	0x30
 579 01c2 08       		.uleb128 0x8
 580 01c3 01       		.uleb128 0x1
 581 01c4 51       		.byte	0x51
 582 01c5 01       		.uleb128 0x1
 583 01c6 30       		.byte	0x30
 584 01c7 00       		.byte	0
 585 01c8 07       		.uleb128 0x7
 586 01c9 56000000 		.4byte	.LVL11
 587 01cd BC040000 		.4byte	0x4bc
 588 01d1 DF010000 		.4byte	0x1df
 589 01d5 08       		.uleb128 0x8
 590 01d6 01       		.uleb128 0x1
 591 01d7 50       		.byte	0x50
 592 01d8 05       		.uleb128 0x5
 593 01d9 03       		.byte	0x3
 594 01da 10000000 		.4byte	.LC1
 595 01de 00       		.byte	0
 596 01df 07       		.uleb128 0x7
 597 01e0 5E000000 		.4byte	.LVL12
 598 01e4 B1040000 		.4byte	0x4b1
 599 01e8 F7010000 		.4byte	0x1f7
 600 01ec 08       		.uleb128 0x8
 601 01ed 01       		.uleb128 0x1
 602 01ee 50       		.byte	0x50
 603 01ef 01       		.uleb128 0x1
 604 01f0 31       		.byte	0x31
 605 01f1 08       		.uleb128 0x8
 606 01f2 01       		.uleb128 0x1
 607 01f3 51       		.byte	0x51
 608 01f4 01       		.uleb128 0x1
 609 01f5 30       		.byte	0x30
 610 01f6 00       		.byte	0
 611 01f7 07       		.uleb128 0x7
 612 01f8 64000000 		.4byte	.LVL13
 613 01fc BC040000 		.4byte	0x4bc
 614 0200 0E020000 		.4byte	0x20e
 615 0204 08       		.uleb128 0x8
 616 0205 01       		.uleb128 0x1
 617 0206 50       		.byte	0x50
 618 0207 05       		.uleb128 0x5
 619 0208 03       		.byte	0x3
 620 0209 24000000 		.4byte	.LC2
 621 020d 00       		.byte	0
 622 020e 07       		.uleb128 0x7
 623 020f 6C000000 		.4byte	.LVL14
 624 0213 A6040000 		.4byte	0x4a6
 625 0217 21020000 		.4byte	0x221
 626 021b 08       		.uleb128 0x8
 627 021c 01       		.uleb128 0x1
 628 021d 50       		.byte	0x50
 629 021e 01       		.uleb128 0x1
ARM GAS  C:\Users\91961\AppData\Local\Temp\cclqzPht.s 			page 15


 630 021f 31       		.byte	0x31
 631 0220 00       		.byte	0
 632 0221 07       		.uleb128 0x7
 633 0222 74000000 		.4byte	.LVL15
 634 0226 B1040000 		.4byte	0x4b1
 635 022a 39020000 		.4byte	0x239
 636 022e 08       		.uleb128 0x8
 637 022f 01       		.uleb128 0x1
 638 0230 50       		.byte	0x50
 639 0231 01       		.uleb128 0x1
 640 0232 30       		.byte	0x30
 641 0233 08       		.uleb128 0x8
 642 0234 01       		.uleb128 0x1
 643 0235 51       		.byte	0x51
 644 0236 01       		.uleb128 0x1
 645 0237 30       		.byte	0x30
 646 0238 00       		.byte	0
 647 0239 07       		.uleb128 0x7
 648 023a 7A000000 		.4byte	.LVL16
 649 023e BC040000 		.4byte	0x4bc
 650 0242 50020000 		.4byte	0x250
 651 0246 08       		.uleb128 0x8
 652 0247 01       		.uleb128 0x1
 653 0248 50       		.byte	0x50
 654 0249 05       		.uleb128 0x5
 655 024a 03       		.byte	0x3
 656 024b 34000000 		.4byte	.LC3
 657 024f 00       		.byte	0
 658 0250 07       		.uleb128 0x7
 659 0251 80000000 		.4byte	.LVL17
 660 0255 C7040000 		.4byte	0x4c7
 661 0259 63020000 		.4byte	0x263
 662 025d 08       		.uleb128 0x8
 663 025e 01       		.uleb128 0x1
 664 025f 50       		.byte	0x50
 665 0260 01       		.uleb128 0x1
 666 0261 31       		.byte	0x31
 667 0262 00       		.byte	0
 668 0263 07       		.uleb128 0x7
 669 0264 86000000 		.4byte	.LVL18
 670 0268 D2040000 		.4byte	0x4d2
 671 026c 76020000 		.4byte	0x276
 672 0270 08       		.uleb128 0x8
 673 0271 01       		.uleb128 0x1
 674 0272 50       		.byte	0x50
 675 0273 01       		.uleb128 0x1
 676 0274 30       		.byte	0x30
 677 0275 00       		.byte	0
 678 0276 07       		.uleb128 0x7
 679 0277 8E000000 		.4byte	.LVL19
 680 027b DD040000 		.4byte	0x4dd
 681 027f 8B020000 		.4byte	0x28b
 682 0283 08       		.uleb128 0x8
 683 0284 01       		.uleb128 0x1
 684 0285 50       		.byte	0x50
 685 0286 03       		.uleb128 0x3
 686 0287 0A       		.byte	0xa
ARM GAS  C:\Users\91961\AppData\Local\Temp\cclqzPht.s 			page 16


 687 0288 D007     		.2byte	0x7d0
 688 028a 00       		.byte	0
 689 028b 07       		.uleb128 0x7
 690 028c 94000000 		.4byte	.LVL20
 691 0290 A6040000 		.4byte	0x4a6
 692 0294 9E020000 		.4byte	0x29e
 693 0298 08       		.uleb128 0x8
 694 0299 01       		.uleb128 0x1
 695 029a 50       		.byte	0x50
 696 029b 01       		.uleb128 0x1
 697 029c 31       		.byte	0x31
 698 029d 00       		.byte	0
 699 029e 07       		.uleb128 0x7
 700 029f 9C000000 		.4byte	.LVL21
 701 02a3 B1040000 		.4byte	0x4b1
 702 02a7 B6020000 		.4byte	0x2b6
 703 02ab 08       		.uleb128 0x8
 704 02ac 01       		.uleb128 0x1
 705 02ad 50       		.byte	0x50
 706 02ae 01       		.uleb128 0x1
 707 02af 30       		.byte	0x30
 708 02b0 08       		.uleb128 0x8
 709 02b1 01       		.uleb128 0x1
 710 02b2 51       		.byte	0x51
 711 02b3 01       		.uleb128 0x1
 712 02b4 30       		.byte	0x30
 713 02b5 00       		.byte	0
 714 02b6 07       		.uleb128 0x7
 715 02b7 A2000000 		.4byte	.LVL22
 716 02bb BC040000 		.4byte	0x4bc
 717 02bf CD020000 		.4byte	0x2cd
 718 02c3 08       		.uleb128 0x8
 719 02c4 01       		.uleb128 0x1
 720 02c5 50       		.byte	0x50
 721 02c6 05       		.uleb128 0x5
 722 02c7 03       		.byte	0x3
 723 02c8 48000000 		.4byte	.LC4
 724 02cc 00       		.byte	0
 725 02cd 07       		.uleb128 0x7
 726 02ce AA000000 		.4byte	.LVL23
 727 02d2 DD040000 		.4byte	0x4dd
 728 02d6 E2020000 		.4byte	0x2e2
 729 02da 08       		.uleb128 0x8
 730 02db 01       		.uleb128 0x1
 731 02dc 50       		.byte	0x50
 732 02dd 03       		.uleb128 0x3
 733 02de 0A       		.byte	0xa
 734 02df D007     		.2byte	0x7d0
 735 02e1 00       		.byte	0
 736 02e2 07       		.uleb128 0x7
 737 02e3 B0000000 		.4byte	.LVL24
 738 02e7 A6040000 		.4byte	0x4a6
 739 02eb F5020000 		.4byte	0x2f5
 740 02ef 08       		.uleb128 0x8
 741 02f0 01       		.uleb128 0x1
 742 02f1 50       		.byte	0x50
 743 02f2 01       		.uleb128 0x1
ARM GAS  C:\Users\91961\AppData\Local\Temp\cclqzPht.s 			page 17


 744 02f3 31       		.byte	0x31
 745 02f4 00       		.byte	0
 746 02f5 07       		.uleb128 0x7
 747 02f6 B8000000 		.4byte	.LVL25
 748 02fa B1040000 		.4byte	0x4b1
 749 02fe 0D030000 		.4byte	0x30d
 750 0302 08       		.uleb128 0x8
 751 0303 01       		.uleb128 0x1
 752 0304 50       		.byte	0x50
 753 0305 01       		.uleb128 0x1
 754 0306 30       		.byte	0x30
 755 0307 08       		.uleb128 0x8
 756 0308 01       		.uleb128 0x1
 757 0309 51       		.byte	0x51
 758 030a 01       		.uleb128 0x1
 759 030b 30       		.byte	0x30
 760 030c 00       		.byte	0
 761 030d 07       		.uleb128 0x7
 762 030e BE000000 		.4byte	.LVL26
 763 0312 BC040000 		.4byte	0x4bc
 764 0316 24030000 		.4byte	0x324
 765 031a 08       		.uleb128 0x8
 766 031b 01       		.uleb128 0x1
 767 031c 50       		.byte	0x50
 768 031d 05       		.uleb128 0x5
 769 031e 03       		.byte	0x3
 770 031f 58000000 		.4byte	.LC5
 771 0323 00       		.byte	0
 772 0324 07       		.uleb128 0x7
 773 0325 C6000000 		.4byte	.LVL27
 774 0329 B1040000 		.4byte	0x4b1
 775 032d 3C030000 		.4byte	0x33c
 776 0331 08       		.uleb128 0x8
 777 0332 01       		.uleb128 0x1
 778 0333 50       		.byte	0x50
 779 0334 01       		.uleb128 0x1
 780 0335 31       		.byte	0x31
 781 0336 08       		.uleb128 0x8
 782 0337 01       		.uleb128 0x1
 783 0338 51       		.byte	0x51
 784 0339 01       		.uleb128 0x1
 785 033a 30       		.byte	0x30
 786 033b 00       		.byte	0
 787 033c 09       		.uleb128 0x9
 788 033d CC000000 		.4byte	.LVL28
 789 0341 BC040000 		.4byte	0x4bc
 790 0345 08       		.uleb128 0x8
 791 0346 01       		.uleb128 0x1
 792 0347 50       		.byte	0x50
 793 0348 05       		.uleb128 0x5
 794 0349 03       		.byte	0x3
 795 034a 6C000000 		.4byte	.LC6
 796 034e 00       		.byte	0
 797 034f 00       		.byte	0
 798 0350 0A       		.uleb128 0xa
 799 0351 FB010000 		.4byte	.LASF45
 800 0355 01       		.byte	0x1
ARM GAS  C:\Users\91961\AppData\Local\Temp\cclqzPht.s 			page 18


 801 0356 54       		.byte	0x54
 802 0357 68000000 		.4byte	0x68
 803 035b 00000000 		.4byte	.LFB65
 804 035f 6C000000 		.4byte	.LFE65-.LFB65
 805 0363 01       		.uleb128 0x1
 806 0364 9C       		.byte	0x9c
 807 0365 37040000 		.4byte	0x437
 808 0369 0B       		.uleb128 0xb
 809 036a C1020000 		.4byte	.LASF18
 810 036e 01       		.byte	0x1
 811 036f 5A       		.byte	0x5a
 812 0370 8D000000 		.4byte	0x8d
 813 0374 0B       		.uleb128 0xb
 814 0375 D1020000 		.4byte	.LASF19
 815 0379 01       		.byte	0x1
 816 037a 5C       		.byte	0x5c
 817 037b 37040000 		.4byte	0x437
 818 037f 0C       		.uleb128 0xc
 819 0380 6900     		.ascii	"i\000"
 820 0382 01       		.byte	0x1
 821 0383 5D       		.byte	0x5d
 822 0384 68000000 		.4byte	0x68
 823 0388 00000000 		.4byte	.LLST0
 824 038c 0D       		.uleb128 0xd
 825 038d 32000000 		.4byte	.LBB2
 826 0391 3A000000 		.4byte	.LBE2-.LBB2
 827 0395 E8030000 		.4byte	0x3e8
 828 0399 0C       		.uleb128 0xc
 829 039a 72637600 		.ascii	"rcv\000"
 830 039e 01       		.byte	0x1
 831 039f 74       		.byte	0x74
 832 03a0 A7000000 		.4byte	0xa7
 833 03a4 35000000 		.4byte	.LLST1
 834 03a8 0E       		.uleb128 0xe
 835 03a9 36000000 		.4byte	.LVL37
 836 03ad E8040000 		.4byte	0x4e8
 837 03b1 07       		.uleb128 0x7
 838 03b2 42000000 		.4byte	.LVL40
 839 03b6 F3040000 		.4byte	0x4f3
 840 03ba C5030000 		.4byte	0x3c5
 841 03be 08       		.uleb128 0x8
 842 03bf 01       		.uleb128 0x1
 843 03c0 50       		.byte	0x50
 844 03c1 02       		.uleb128 0x2
 845 03c2 74       		.byte	0x74
 846 03c3 00       		.sleb128 0
 847 03c4 00       		.byte	0
 848 03c5 0E       		.uleb128 0xe
 849 03c6 50000000 		.4byte	.LVL41
 850 03ca BC000000 		.4byte	0xbc
 851 03ce 0E       		.uleb128 0xe
 852 03cf 5A000000 		.4byte	.LVL43
 853 03d3 FE040000 		.4byte	0x4fe
 854 03d7 09       		.uleb128 0x9
 855 03d8 64000000 		.4byte	.LVL44
 856 03dc 09050000 		.4byte	0x509
 857 03e0 08       		.uleb128 0x8
ARM GAS  C:\Users\91961\AppData\Local\Temp\cclqzPht.s 			page 19


 858 03e1 01       		.uleb128 0x1
 859 03e2 50       		.byte	0x50
 860 03e3 02       		.uleb128 0x2
 861 03e4 74       		.byte	0x74
 862 03e5 00       		.sleb128 0
 863 03e6 00       		.byte	0
 864 03e7 00       		.byte	0
 865 03e8 07       		.uleb128 0x7
 866 03e9 0C000000 		.4byte	.LVL29
 867 03ed 14050000 		.4byte	0x514
 868 03f1 00040000 		.4byte	0x400
 869 03f5 08       		.uleb128 0x8
 870 03f6 01       		.uleb128 0x1
 871 03f7 50       		.byte	0x50
 872 03f8 01       		.uleb128 0x1
 873 03f9 30       		.byte	0x30
 874 03fa 08       		.uleb128 0x8
 875 03fb 01       		.uleb128 0x1
 876 03fc 51       		.byte	0x51
 877 03fd 01       		.uleb128 0x1
 878 03fe 30       		.byte	0x30
 879 03ff 00       		.byte	0
 880 0400 0E       		.uleb128 0xe
 881 0401 10000000 		.4byte	.LVL30
 882 0405 20050000 		.4byte	0x520
 883 0409 0E       		.uleb128 0xe
 884 040a 16000000 		.4byte	.LVL32
 885 040e 2B050000 		.4byte	0x52b
 886 0412 0E       		.uleb128 0xe
 887 0413 1C000000 		.4byte	.LVL33
 888 0417 37050000 		.4byte	0x537
 889 041b 0E       		.uleb128 0xe
 890 041c 22000000 		.4byte	.LVL34
 891 0420 43050000 		.4byte	0x543
 892 0424 0E       		.uleb128 0xe
 893 0425 26000000 		.4byte	.LVL35
 894 0429 37050000 		.4byte	0x537
 895 042d 0E       		.uleb128 0xe
 896 042e 2E000000 		.4byte	.LVL36
 897 0432 4E050000 		.4byte	0x54e
 898 0436 00       		.byte	0
 899 0437 0F       		.uleb128 0xf
 900 0438 81000000 		.4byte	0x81
 901 043c 47040000 		.4byte	0x447
 902 0440 10       		.uleb128 0x10
 903 0441 B5000000 		.4byte	0xb5
 904 0445 3F       		.byte	0x3f
 905 0446 00       		.byte	0
 906 0447 11       		.uleb128 0x11
 907 0448 9A010000 		.4byte	.LASF20
 908 044c 05       		.byte	0x5
 909 044d 1207     		.2byte	0x712
 910 044f 53040000 		.4byte	0x453
 911 0453 12       		.uleb128 0x12
 912 0454 76000000 		.4byte	0x76
 913 0458 0F       		.uleb128 0xf
 914 0459 2C000000 		.4byte	0x2c
ARM GAS  C:\Users\91961\AppData\Local\Temp\cclqzPht.s 			page 20


 915 045d 68040000 		.4byte	0x468
 916 0461 10       		.uleb128 0x10
 917 0462 B5000000 		.4byte	0xb5
 918 0466 05       		.byte	0x5
 919 0467 00       		.byte	0
 920 0468 13       		.uleb128 0x13
 921 0469 89000000 		.4byte	.LASF21
 922 046d 01       		.byte	0x1
 923 046e 1B       		.byte	0x1b
 924 046f 58040000 		.4byte	0x458
 925 0473 05       		.uleb128 0x5
 926 0474 03       		.byte	0x3
 927 0475 00000000 		.4byte	setPassword
 928 0479 13       		.uleb128 0x13
 929 047a 70020000 		.4byte	.LASF22
 930 047e 01       		.byte	0x1
 931 047f 1C       		.byte	0x1c
 932 0480 58040000 		.4byte	0x458
 933 0484 05       		.uleb128 0x5
 934 0485 03       		.byte	0x3
 935 0486 00000000 		.4byte	Password
 936 048a 13       		.uleb128 0x13
 937 048b 0C000000 		.4byte	.LASF23
 938 048f 01       		.byte	0x1
 939 0490 1E       		.byte	0x1e
 940 0491 58040000 		.4byte	0x458
 941 0495 05       		.uleb128 0x5
 942 0496 03       		.byte	0x3
 943 0497 00000000 		.4byte	receivedPassword
 944 049b 14       		.uleb128 0x14
 945 049c AE010000 		.4byte	.LASF24
 946 04a0 AE010000 		.4byte	.LASF24
 947 04a4 06       		.byte	0x6
 948 04a5 1C       		.byte	0x1c
 949 04a6 14       		.uleb128 0x14
 950 04a7 B0020000 		.4byte	.LASF25
 951 04ab B0020000 		.4byte	.LASF25
 952 04af 07       		.byte	0x7
 953 04b0 3A       		.byte	0x3a
 954 04b1 14       		.uleb128 0x14
 955 04b2 43020000 		.4byte	.LASF26
 956 04b6 43020000 		.4byte	.LASF26
 957 04ba 07       		.byte	0x7
 958 04bb 3D       		.byte	0x3d
 959 04bc 14       		.uleb128 0x14
 960 04bd D4010000 		.4byte	.LASF27
 961 04c1 D4010000 		.4byte	.LASF27
 962 04c5 07       		.byte	0x7
 963 04c6 3C       		.byte	0x3c
 964 04c7 14       		.uleb128 0x14
 965 04c8 FF020000 		.4byte	.LASF28
 966 04cc FF020000 		.4byte	.LASF28
 967 04d0 08       		.byte	0x8
 968 04d1 26       		.byte	0x26
 969 04d2 14       		.uleb128 0x14
 970 04d3 00000000 		.4byte	.LASF29
 971 04d7 00000000 		.4byte	.LASF29
ARM GAS  C:\Users\91961\AppData\Local\Temp\cclqzPht.s 			page 21


 972 04db 09       		.byte	0x9
 973 04dc 26       		.byte	0x26
 974 04dd 14       		.uleb128 0x14
 975 04de 0B030000 		.4byte	.LASF30
 976 04e2 0B030000 		.4byte	.LASF30
 977 04e6 0A       		.byte	0xa
 978 04e7 76       		.byte	0x76
 979 04e8 14       		.uleb128 0x14
 980 04e9 1D000000 		.4byte	.LASF31
 981 04ed 1D000000 		.4byte	.LASF31
 982 04f1 0B       		.byte	0xb
 983 04f2 2C       		.byte	0x2c
 984 04f3 14       		.uleb128 0x14
 985 04f4 64020000 		.4byte	.LASF32
 986 04f8 64020000 		.4byte	.LASF32
 987 04fc 07       		.byte	0x7
 988 04fd 3E       		.byte	0x3e
 989 04fe 14       		.uleb128 0x14
 990 04ff B6000000 		.4byte	.LASF33
 991 0503 B6000000 		.4byte	.LASF33
 992 0507 0B       		.byte	0xb
 993 0508 28       		.byte	0x28
 994 0509 14       		.uleb128 0x14
 995 050a EB010000 		.4byte	.LASF34
 996 050e EB010000 		.4byte	.LASF34
 997 0512 0B       		.byte	0xb
 998 0513 25       		.byte	0x25
 999 0514 15       		.uleb128 0x15
 1000 0515 00020000 		.4byte	.LASF35
 1001 0519 00020000 		.4byte	.LASF35
 1002 051d 0C       		.byte	0xc
 1003 051e 2A01     		.2byte	0x12a
 1004 0520 14       		.uleb128 0x14
 1005 0521 CF000000 		.4byte	.LASF36
 1006 0525 CF000000 		.4byte	.LASF36
 1007 0529 07       		.byte	0x7
 1008 052a 38       		.byte	0x38
 1009 052b 15       		.uleb128 0x15
 1010 052c B5010000 		.4byte	.LASF37
 1011 0530 B5010000 		.4byte	.LASF37
 1012 0534 0C       		.byte	0xc
 1013 0535 2E01     		.2byte	0x12e
 1014 0537 15       		.uleb128 0x15
 1015 0538 95000000 		.4byte	.LASF38
 1016 053c 95000000 		.4byte	.LASF38
 1017 0540 0C       		.byte	0xc
 1018 0541 2D01     		.2byte	0x12d
 1019 0543 14       		.uleb128 0x14
 1020 0544 1B020000 		.4byte	.LASF39
 1021 0548 1B020000 		.4byte	.LASF39
 1022 054c 0B       		.byte	0xb
 1023 054d 22       		.byte	0x22
 1024 054e 14       		.uleb128 0x14
 1025 054f 50020000 		.4byte	.LASF40
 1026 0553 50020000 		.4byte	.LASF40
 1027 0557 0B       		.byte	0xb
 1028 0558 29       		.byte	0x29
ARM GAS  C:\Users\91961\AppData\Local\Temp\cclqzPht.s 			page 22


 1029 0559 00       		.byte	0
 1030              		.section	.debug_abbrev,"",%progbits
 1031              	.Ldebug_abbrev0:
 1032 0000 01       		.uleb128 0x1
 1033 0001 11       		.uleb128 0x11
 1034 0002 01       		.byte	0x1
 1035 0003 25       		.uleb128 0x25
 1036 0004 0E       		.uleb128 0xe
 1037 0005 13       		.uleb128 0x13
 1038 0006 0B       		.uleb128 0xb
 1039 0007 03       		.uleb128 0x3
 1040 0008 0E       		.uleb128 0xe
 1041 0009 1B       		.uleb128 0x1b
 1042 000a 0E       		.uleb128 0xe
 1043 000b 55       		.uleb128 0x55
 1044 000c 17       		.uleb128 0x17
 1045 000d 11       		.uleb128 0x11
 1046 000e 01       		.uleb128 0x1
 1047 000f 10       		.uleb128 0x10
 1048 0010 17       		.uleb128 0x17
 1049 0011 00       		.byte	0
 1050 0012 00       		.byte	0
 1051 0013 02       		.uleb128 0x2
 1052 0014 24       		.uleb128 0x24
 1053 0015 00       		.byte	0
 1054 0016 0B       		.uleb128 0xb
 1055 0017 0B       		.uleb128 0xb
 1056 0018 3E       		.uleb128 0x3e
 1057 0019 0B       		.uleb128 0xb
 1058 001a 03       		.uleb128 0x3
 1059 001b 0E       		.uleb128 0xe
 1060 001c 00       		.byte	0
 1061 001d 00       		.byte	0
 1062 001e 03       		.uleb128 0x3
 1063 001f 16       		.uleb128 0x16
 1064 0020 00       		.byte	0
 1065 0021 03       		.uleb128 0x3
 1066 0022 0E       		.uleb128 0xe
 1067 0023 3A       		.uleb128 0x3a
 1068 0024 0B       		.uleb128 0xb
 1069 0025 3B       		.uleb128 0x3b
 1070 0026 0B       		.uleb128 0xb
 1071 0027 49       		.uleb128 0x49
 1072 0028 13       		.uleb128 0x13
 1073 0029 00       		.byte	0
 1074 002a 00       		.byte	0
 1075 002b 04       		.uleb128 0x4
 1076 002c 24       		.uleb128 0x24
 1077 002d 00       		.byte	0
 1078 002e 0B       		.uleb128 0xb
 1079 002f 0B       		.uleb128 0xb
 1080 0030 3E       		.uleb128 0x3e
 1081 0031 0B       		.uleb128 0xb
 1082 0032 03       		.uleb128 0x3
 1083 0033 08       		.uleb128 0x8
 1084 0034 00       		.byte	0
 1085 0035 00       		.byte	0
ARM GAS  C:\Users\91961\AppData\Local\Temp\cclqzPht.s 			page 23


 1086 0036 05       		.uleb128 0x5
 1087 0037 16       		.uleb128 0x16
 1088 0038 00       		.byte	0
 1089 0039 03       		.uleb128 0x3
 1090 003a 0E       		.uleb128 0xe
 1091 003b 3A       		.uleb128 0x3a
 1092 003c 0B       		.uleb128 0xb
 1093 003d 3B       		.uleb128 0x3b
 1094 003e 05       		.uleb128 0x5
 1095 003f 49       		.uleb128 0x49
 1096 0040 13       		.uleb128 0x13
 1097 0041 00       		.byte	0
 1098 0042 00       		.byte	0
 1099 0043 06       		.uleb128 0x6
 1100 0044 2E       		.uleb128 0x2e
 1101 0045 01       		.byte	0x1
 1102 0046 3F       		.uleb128 0x3f
 1103 0047 19       		.uleb128 0x19
 1104 0048 03       		.uleb128 0x3
 1105 0049 0E       		.uleb128 0xe
 1106 004a 3A       		.uleb128 0x3a
 1107 004b 0B       		.uleb128 0xb
 1108 004c 3B       		.uleb128 0x3b
 1109 004d 0B       		.uleb128 0xb
 1110 004e 11       		.uleb128 0x11
 1111 004f 01       		.uleb128 0x1
 1112 0050 12       		.uleb128 0x12
 1113 0051 06       		.uleb128 0x6
 1114 0052 40       		.uleb128 0x40
 1115 0053 18       		.uleb128 0x18
 1116 0054 9742     		.uleb128 0x2117
 1117 0056 19       		.uleb128 0x19
 1118 0057 01       		.uleb128 0x1
 1119 0058 13       		.uleb128 0x13
 1120 0059 00       		.byte	0
 1121 005a 00       		.byte	0
 1122 005b 07       		.uleb128 0x7
 1123 005c 898201   		.uleb128 0x4109
 1124 005f 01       		.byte	0x1
 1125 0060 11       		.uleb128 0x11
 1126 0061 01       		.uleb128 0x1
 1127 0062 31       		.uleb128 0x31
 1128 0063 13       		.uleb128 0x13
 1129 0064 01       		.uleb128 0x1
 1130 0065 13       		.uleb128 0x13
 1131 0066 00       		.byte	0
 1132 0067 00       		.byte	0
 1133 0068 08       		.uleb128 0x8
 1134 0069 8A8201   		.uleb128 0x410a
 1135 006c 00       		.byte	0
 1136 006d 02       		.uleb128 0x2
 1137 006e 18       		.uleb128 0x18
 1138 006f 9142     		.uleb128 0x2111
 1139 0071 18       		.uleb128 0x18
 1140 0072 00       		.byte	0
 1141 0073 00       		.byte	0
 1142 0074 09       		.uleb128 0x9
ARM GAS  C:\Users\91961\AppData\Local\Temp\cclqzPht.s 			page 24


 1143 0075 898201   		.uleb128 0x4109
 1144 0078 01       		.byte	0x1
 1145 0079 11       		.uleb128 0x11
 1146 007a 01       		.uleb128 0x1
 1147 007b 31       		.uleb128 0x31
 1148 007c 13       		.uleb128 0x13
 1149 007d 00       		.byte	0
 1150 007e 00       		.byte	0
 1151 007f 0A       		.uleb128 0xa
 1152 0080 2E       		.uleb128 0x2e
 1153 0081 01       		.byte	0x1
 1154 0082 3F       		.uleb128 0x3f
 1155 0083 19       		.uleb128 0x19
 1156 0084 03       		.uleb128 0x3
 1157 0085 0E       		.uleb128 0xe
 1158 0086 3A       		.uleb128 0x3a
 1159 0087 0B       		.uleb128 0xb
 1160 0088 3B       		.uleb128 0x3b
 1161 0089 0B       		.uleb128 0xb
 1162 008a 27       		.uleb128 0x27
 1163 008b 19       		.uleb128 0x19
 1164 008c 49       		.uleb128 0x49
 1165 008d 13       		.uleb128 0x13
 1166 008e 8701     		.uleb128 0x87
 1167 0090 19       		.uleb128 0x19
 1168 0091 11       		.uleb128 0x11
 1169 0092 01       		.uleb128 0x1
 1170 0093 12       		.uleb128 0x12
 1171 0094 06       		.uleb128 0x6
 1172 0095 40       		.uleb128 0x40
 1173 0096 18       		.uleb128 0x18
 1174 0097 9742     		.uleb128 0x2117
 1175 0099 19       		.uleb128 0x19
 1176 009a 01       		.uleb128 0x1
 1177 009b 13       		.uleb128 0x13
 1178 009c 00       		.byte	0
 1179 009d 00       		.byte	0
 1180 009e 0B       		.uleb128 0xb
 1181 009f 34       		.uleb128 0x34
 1182 00a0 00       		.byte	0
 1183 00a1 03       		.uleb128 0x3
 1184 00a2 0E       		.uleb128 0xe
 1185 00a3 3A       		.uleb128 0x3a
 1186 00a4 0B       		.uleb128 0xb
 1187 00a5 3B       		.uleb128 0x3b
 1188 00a6 0B       		.uleb128 0xb
 1189 00a7 49       		.uleb128 0x49
 1190 00a8 13       		.uleb128 0x13
 1191 00a9 00       		.byte	0
 1192 00aa 00       		.byte	0
 1193 00ab 0C       		.uleb128 0xc
 1194 00ac 34       		.uleb128 0x34
 1195 00ad 00       		.byte	0
 1196 00ae 03       		.uleb128 0x3
 1197 00af 08       		.uleb128 0x8
 1198 00b0 3A       		.uleb128 0x3a
 1199 00b1 0B       		.uleb128 0xb
ARM GAS  C:\Users\91961\AppData\Local\Temp\cclqzPht.s 			page 25


 1200 00b2 3B       		.uleb128 0x3b
 1201 00b3 0B       		.uleb128 0xb
 1202 00b4 49       		.uleb128 0x49
 1203 00b5 13       		.uleb128 0x13
 1204 00b6 02       		.uleb128 0x2
 1205 00b7 17       		.uleb128 0x17
 1206 00b8 00       		.byte	0
 1207 00b9 00       		.byte	0
 1208 00ba 0D       		.uleb128 0xd
 1209 00bb 0B       		.uleb128 0xb
 1210 00bc 01       		.byte	0x1
 1211 00bd 11       		.uleb128 0x11
 1212 00be 01       		.uleb128 0x1
 1213 00bf 12       		.uleb128 0x12
 1214 00c0 06       		.uleb128 0x6
 1215 00c1 01       		.uleb128 0x1
 1216 00c2 13       		.uleb128 0x13
 1217 00c3 00       		.byte	0
 1218 00c4 00       		.byte	0
 1219 00c5 0E       		.uleb128 0xe
 1220 00c6 898201   		.uleb128 0x4109
 1221 00c9 00       		.byte	0
 1222 00ca 11       		.uleb128 0x11
 1223 00cb 01       		.uleb128 0x1
 1224 00cc 31       		.uleb128 0x31
 1225 00cd 13       		.uleb128 0x13
 1226 00ce 00       		.byte	0
 1227 00cf 00       		.byte	0
 1228 00d0 0F       		.uleb128 0xf
 1229 00d1 01       		.uleb128 0x1
 1230 00d2 01       		.byte	0x1
 1231 00d3 49       		.uleb128 0x49
 1232 00d4 13       		.uleb128 0x13
 1233 00d5 01       		.uleb128 0x1
 1234 00d6 13       		.uleb128 0x13
 1235 00d7 00       		.byte	0
 1236 00d8 00       		.byte	0
 1237 00d9 10       		.uleb128 0x10
 1238 00da 21       		.uleb128 0x21
 1239 00db 00       		.byte	0
 1240 00dc 49       		.uleb128 0x49
 1241 00dd 13       		.uleb128 0x13
 1242 00de 2F       		.uleb128 0x2f
 1243 00df 0B       		.uleb128 0xb
 1244 00e0 00       		.byte	0
 1245 00e1 00       		.byte	0
 1246 00e2 11       		.uleb128 0x11
 1247 00e3 34       		.uleb128 0x34
 1248 00e4 00       		.byte	0
 1249 00e5 03       		.uleb128 0x3
 1250 00e6 0E       		.uleb128 0xe
 1251 00e7 3A       		.uleb128 0x3a
 1252 00e8 0B       		.uleb128 0xb
 1253 00e9 3B       		.uleb128 0x3b
 1254 00ea 05       		.uleb128 0x5
 1255 00eb 49       		.uleb128 0x49
 1256 00ec 13       		.uleb128 0x13
ARM GAS  C:\Users\91961\AppData\Local\Temp\cclqzPht.s 			page 26


 1257 00ed 3F       		.uleb128 0x3f
 1258 00ee 19       		.uleb128 0x19
 1259 00ef 3C       		.uleb128 0x3c
 1260 00f0 19       		.uleb128 0x19
 1261 00f1 00       		.byte	0
 1262 00f2 00       		.byte	0
 1263 00f3 12       		.uleb128 0x12
 1264 00f4 35       		.uleb128 0x35
 1265 00f5 00       		.byte	0
 1266 00f6 49       		.uleb128 0x49
 1267 00f7 13       		.uleb128 0x13
 1268 00f8 00       		.byte	0
 1269 00f9 00       		.byte	0
 1270 00fa 13       		.uleb128 0x13
 1271 00fb 34       		.uleb128 0x34
 1272 00fc 00       		.byte	0
 1273 00fd 03       		.uleb128 0x3
 1274 00fe 0E       		.uleb128 0xe
 1275 00ff 3A       		.uleb128 0x3a
 1276 0100 0B       		.uleb128 0xb
 1277 0101 3B       		.uleb128 0x3b
 1278 0102 0B       		.uleb128 0xb
 1279 0103 49       		.uleb128 0x49
 1280 0104 13       		.uleb128 0x13
 1281 0105 3F       		.uleb128 0x3f
 1282 0106 19       		.uleb128 0x19
 1283 0107 02       		.uleb128 0x2
 1284 0108 18       		.uleb128 0x18
 1285 0109 00       		.byte	0
 1286 010a 00       		.byte	0
 1287 010b 14       		.uleb128 0x14
 1288 010c 2E       		.uleb128 0x2e
 1289 010d 00       		.byte	0
 1290 010e 3F       		.uleb128 0x3f
 1291 010f 19       		.uleb128 0x19
 1292 0110 3C       		.uleb128 0x3c
 1293 0111 19       		.uleb128 0x19
 1294 0112 6E       		.uleb128 0x6e
 1295 0113 0E       		.uleb128 0xe
 1296 0114 03       		.uleb128 0x3
 1297 0115 0E       		.uleb128 0xe
 1298 0116 3A       		.uleb128 0x3a
 1299 0117 0B       		.uleb128 0xb
 1300 0118 3B       		.uleb128 0x3b
 1301 0119 0B       		.uleb128 0xb
 1302 011a 00       		.byte	0
 1303 011b 00       		.byte	0
 1304 011c 15       		.uleb128 0x15
 1305 011d 2E       		.uleb128 0x2e
 1306 011e 00       		.byte	0
 1307 011f 3F       		.uleb128 0x3f
 1308 0120 19       		.uleb128 0x19
 1309 0121 3C       		.uleb128 0x3c
 1310 0122 19       		.uleb128 0x19
 1311 0123 6E       		.uleb128 0x6e
 1312 0124 0E       		.uleb128 0xe
 1313 0125 03       		.uleb128 0x3
ARM GAS  C:\Users\91961\AppData\Local\Temp\cclqzPht.s 			page 27


 1314 0126 0E       		.uleb128 0xe
 1315 0127 3A       		.uleb128 0x3a
 1316 0128 0B       		.uleb128 0xb
 1317 0129 3B       		.uleb128 0x3b
 1318 012a 05       		.uleb128 0x5
 1319 012b 00       		.byte	0
 1320 012c 00       		.byte	0
 1321 012d 00       		.byte	0
 1322              		.section	.debug_loc,"",%progbits
 1323              	.Ldebug_loc0:
 1324              	.LLST0:
 1325 0000 12000000 		.4byte	.LVL31
 1326 0004 3A000000 		.4byte	.LVL39
 1327 0008 0100     		.2byte	0x1
 1328 000a 55       		.byte	0x55
 1329 000b 3A000000 		.4byte	.LVL39
 1330 000f 50000000 		.4byte	.LVL41
 1331 0013 0100     		.2byte	0x1
 1332 0015 56       		.byte	0x56
 1333 0016 50000000 		.4byte	.LVL41
 1334 001a 52000000 		.4byte	.LVL42
 1335 001e 0200     		.2byte	0x2
 1336 0020 30       		.byte	0x30
 1337 0021 9F       		.byte	0x9f
 1338 0022 52000000 		.4byte	.LVL42
 1339 0026 6C000000 		.4byte	.LFE65
 1340 002a 0100     		.2byte	0x1
 1341 002c 56       		.byte	0x56
 1342 002d 00000000 		.4byte	0
 1343 0031 00000000 		.4byte	0
 1344              	.LLST1:
 1345 0035 38000000 		.4byte	.LVL38
 1346 0039 41000000 		.4byte	.LVL40-1
 1347 003d 0100     		.2byte	0x1
 1348 003f 50       		.byte	0x50
 1349 0040 00000000 		.4byte	0
 1350 0044 00000000 		.4byte	0
 1351              		.section	.debug_aranges,"",%progbits
 1352 0000 24000000 		.4byte	0x24
 1353 0004 0200     		.2byte	0x2
 1354 0006 00000000 		.4byte	.Ldebug_info0
 1355 000a 04       		.byte	0x4
 1356 000b 00       		.byte	0
 1357 000c 0000     		.2byte	0
 1358 000e 0000     		.2byte	0
 1359 0010 00000000 		.4byte	.LFB64
 1360 0014 F8000000 		.4byte	.LFE64-.LFB64
 1361 0018 00000000 		.4byte	.LFB65
 1362 001c 6C000000 		.4byte	.LFE65-.LFB65
 1363 0020 00000000 		.4byte	0
 1364 0024 00000000 		.4byte	0
 1365              		.section	.debug_ranges,"",%progbits
 1366              	.Ldebug_ranges0:
 1367 0000 00000000 		.4byte	.LFB64
 1368 0004 F8000000 		.4byte	.LFE64
 1369 0008 00000000 		.4byte	.LFB65
 1370 000c 6C000000 		.4byte	.LFE65
ARM GAS  C:\Users\91961\AppData\Local\Temp\cclqzPht.s 			page 28


 1371 0010 00000000 		.4byte	0
 1372 0014 00000000 		.4byte	0
 1373              		.section	.debug_line,"",%progbits
 1374              	.Ldebug_line0:
 1375 0000 63020000 		.section	.debug_str,"MS",%progbits,1
 1375      02000802 
 1375      00000201 
 1375      FB0E0D00 
 1375      01010101 
 1376              	.LASF29:
 1377 0000 50696E5F 		.ascii	"Pin_2_Write\000"
 1377      325F5772 
 1377      69746500 
 1378              	.LASF23:
 1379 000c 72656365 		.ascii	"receivedPassword\000"
 1379      69766564 
 1379      50617373 
 1379      776F7264 
 1379      00
 1380              	.LASF31:
 1381 001d 55534255 		.ascii	"USBUART_GetChar\000"
 1381      4152545F 
 1381      47657443 
 1381      68617200 
 1382              	.LASF9:
 1383 002d 5F5F696E 		.ascii	"__int32_t\000"
 1383      7433325F 
 1383      7400
 1384              	.LASF43:
 1385 0037 433A5C55 		.ascii	"C:\\Users\\91961\\Desktop\\embedded_lab\\PSOC_EC32\\"
 1385      73657273 
 1385      5C393139 
 1385      36315C44 
 1385      65736B74 
 1386 0065 576F726B 		.ascii	"Workspace01\\combintional_lock.cydsn\000"
 1386      73706163 
 1386      6530315C 
 1386      636F6D62 
 1386      696E7469 
 1387              	.LASF21:
 1388 0089 73657450 		.ascii	"setPassword\000"
 1388      61737377 
 1388      6F726400 
 1389              	.LASF38:
 1390 0095 55534255 		.ascii	"USBUART_GetConfiguration\000"
 1390      4152545F 
 1390      47657443 
 1390      6F6E6669 
 1390      67757261 
 1391              	.LASF10:
 1392 00ae 696E7433 		.ascii	"int32_t\000"
 1392      325F7400 
 1393              	.LASF33:
 1394 00b6 55534255 		.ascii	"USBUART_CDCIsReady\000"
 1394      4152545F 
 1394      43444349 
 1394      73526561 
ARM GAS  C:\Users\91961\AppData\Local\Temp\cclqzPht.s 			page 29


 1394      647900
 1395              	.LASF13:
 1396 00c9 666C6F61 		.ascii	"float\000"
 1396      7400
 1397              	.LASF36:
 1398 00cf 4C43445F 		.ascii	"LCD_Start\000"
 1398      53746172 
 1398      7400
 1399              	.LASF1:
 1400 00d9 756E7369 		.ascii	"unsigned char\000"
 1400      676E6564 
 1400      20636861 
 1400      7200
 1401              	.LASF41:
 1402 00e7 474E5520 		.ascii	"GNU C11 5.4.1 20160609 (release) [ARM/embedded-5-br"
 1402      43313120 
 1402      352E342E 
 1402      31203230 
 1402      31363036 
 1403 011a 616E6368 		.ascii	"anch revision 237715] -mcpu=cortex-m3 -mthumb -g -O"
 1403      20726576 
 1403      6973696F 
 1403      6E203233 
 1403      37373135 
 1404 014d 67202D66 		.ascii	"g -ffunction-sections -ffat-lto-objects\000"
 1404      66756E63 
 1404      74696F6E 
 1404      2D736563 
 1404      74696F6E 
 1405              	.LASF5:
 1406 0175 6C6F6E67 		.ascii	"long unsigned int\000"
 1406      20756E73 
 1406      69676E65 
 1406      6420696E 
 1406      7400
 1407              	.LASF3:
 1408 0187 73686F72 		.ascii	"short unsigned int\000"
 1408      7420756E 
 1408      7369676E 
 1408      65642069 
 1408      6E7400
 1409              	.LASF20:
 1410 019a 49544D5F 		.ascii	"ITM_RxBuffer\000"
 1410      52784275 
 1410      66666572 
 1410      00
 1411              	.LASF14:
 1412 01a7 646F7562 		.ascii	"double\000"
 1412      6C6500
 1413              	.LASF24:
 1414 01ae 73747263 		.ascii	"strcmp\000"
 1414      6D7000
 1415              	.LASF37:
 1416 01b5 55534255 		.ascii	"USBUART_IsConfigurationChanged\000"
 1416      4152545F 
 1416      4973436F 
 1416      6E666967 
ARM GAS  C:\Users\91961\AppData\Local\Temp\cclqzPht.s 			page 30


 1416      75726174 
 1417              	.LASF27:
 1418 01d4 4C43445F 		.ascii	"LCD_PrintString\000"
 1418      5072696E 
 1418      74537472 
 1418      696E6700 
 1419              	.LASF12:
 1420 01e4 75696E74 		.ascii	"uint16\000"
 1420      313600
 1421              	.LASF34:
 1422 01eb 55534255 		.ascii	"USBUART_PutChar\000"
 1422      4152545F 
 1422      50757443 
 1422      68617200 
 1423              	.LASF45:
 1424 01fb 6D61696E 		.ascii	"main\000"
 1424      00
 1425              	.LASF35:
 1426 0200 55534255 		.ascii	"USBUART_Start\000"
 1426      4152545F 
 1426      53746172 
 1426      7400
 1427              	.LASF8:
 1428 020e 756E7369 		.ascii	"unsigned int\000"
 1428      676E6564 
 1428      20696E74 
 1428      00
 1429              	.LASF39:
 1430 021b 55534255 		.ascii	"USBUART_CDC_Init\000"
 1430      4152545F 
 1430      4344435F 
 1430      496E6974 
 1430      00
 1431              	.LASF7:
 1432 022c 6C6F6E67 		.ascii	"long long unsigned int\000"
 1432      206C6F6E 
 1432      6720756E 
 1432      7369676E 
 1432      65642069 
 1433              	.LASF26:
 1434 0243 4C43445F 		.ascii	"LCD_Position\000"
 1434      506F7369 
 1434      74696F6E 
 1434      00
 1435              	.LASF40:
 1436 0250 55534255 		.ascii	"USBUART_DataIsReady\000"
 1436      4152545F 
 1436      44617461 
 1436      49735265 
 1436      61647900 
 1437              	.LASF32:
 1438 0264 4C43445F 		.ascii	"LCD_PutChar\000"
 1438      50757443 
 1438      68617200 
 1439              	.LASF22:
 1440 0270 50617373 		.ascii	"Password\000"
 1440      776F7264 
ARM GAS  C:\Users\91961\AppData\Local\Temp\cclqzPht.s 			page 31


 1440      00
 1441              	.LASF17:
 1442 0279 73697A65 		.ascii	"sizetype\000"
 1442      74797065 
 1442      00
 1443              	.LASF6:
 1444 0282 6C6F6E67 		.ascii	"long long int\000"
 1444      206C6F6E 
 1444      6720696E 
 1444      7400
 1445              	.LASF42:
 1446 0290 6D61696E 		.ascii	"main.c\000"
 1446      2E6300
 1447              	.LASF15:
 1448 0297 63686172 		.ascii	"char\000"
 1448      00
 1449              	.LASF44:
 1450 029c 70726F63 		.ascii	"processReceivedData\000"
 1450      65737352 
 1450      65636569 
 1450      76656444 
 1450      61746100 
 1451              	.LASF25:
 1452 02b0 4C43445F 		.ascii	"LCD_WriteControl\000"
 1452      57726974 
 1452      65436F6E 
 1452      74726F6C 
 1452      00
 1453              	.LASF18:
 1454 02c1 636F756E 		.ascii	"count\000"
 1454      7400
 1455              	.LASF2:
 1456 02c7 73686F72 		.ascii	"short int\000"
 1456      7420696E 
 1456      7400
 1457              	.LASF19:
 1458 02d1 62756666 		.ascii	"buffer\000"
 1458      657200
 1459              	.LASF11:
 1460 02d8 75696E74 		.ascii	"uint8\000"
 1460      3800
 1461              	.LASF4:
 1462 02de 6C6F6E67 		.ascii	"long int\000"
 1462      20696E74 
 1462      00
 1463              	.LASF16:
 1464 02e7 6C6F6E67 		.ascii	"long double\000"
 1464      20646F75 
 1464      626C6500 
 1465              	.LASF0:
 1466 02f3 7369676E 		.ascii	"signed char\000"
 1466      65642063 
 1466      68617200 
 1467              	.LASF28:
 1468 02ff 50696E5F 		.ascii	"Pin_1_Write\000"
 1468      315F5772 
 1468      69746500 
ARM GAS  C:\Users\91961\AppData\Local\Temp\cclqzPht.s 			page 32


 1469              	.LASF30:
 1470 030b 43794465 		.ascii	"CyDelay\000"
 1470      6C617900 
 1471              		.ident	"GCC: (GNU Tools for ARM Embedded Processors) 5.4.1 20160609 (release) [ARM/embedded-5-bran
